{"obj": {"type": "AssignString", "path": ["sys", "name"], "value": "Untitled"}, "version": 1, "at": 1715870622.1929965}
{"obj": {"type": "AssignString", "path": ["sys", "description"], "value": ""}, "version": 2, "at": 1715870622.1929965}
{"obj": {"type": "AssignString", "path": ["monitoring", "44f125cd", "hostname"], "value": "DESKTOP-SO4DDQB"}, "version": 3, "at": 1715870622.1929965}
{"obj": {"type": "AssignString", "path": ["sys", "hostname"], "value": "DESKTOP-SO4DDQB"}, "version": 4, "at": 1715870622.1929965}
{"obj": {"type": "AssignString", "path": ["monitoring", "44f125cd", "pid"], "value": "11684"}, "version": 5, "at": 1715870622.1939974}
{"obj": {"type": "AssignString", "path": ["monitoring", "44f125cd", "tid"], "value": "15408"}, "version": 6, "at": 1715870622.1939974}
{"obj": {"type": "AssignBool", "path": ["sys", "failed"], "value": false}, "version": 7, "at": 1715870622.1939974}
{"obj": {"type": "LogFloats", "path": ["Loss (Train)"], "values": [{"value": 1.5843054056167603, "step": null, "ts": 1715870622.681997}]}, "version": 8, "at": 1715870622.681997}
{"obj": {"type": "LogFloats", "path": ["Gradient norm"], "values": [{"value": 4.340255446870527, "step": null, "ts": 1715870622.6979964}]}, "version": 9, "at": 1715870622.6979964}
{"obj": {"type": "LogFloats", "path": ["Loss (Train)"], "values": [{"value": 1.5492662191390991, "step": null, "ts": 1715870622.7939959}]}, "version": 10, "at": 1715870622.7939959}
{"obj": {"type": "LogFloats", "path": ["Gradient norm"], "values": [{"value": 3.5398749994233887, "step": null, "ts": 1715870622.8019967}]}, "version": 11, "at": 1715870622.8019967}
{"obj": {"type": "LogFloats", "path": ["Loss (Train)"], "values": [{"value": 1.6845729351043701, "step": null, "ts": 1715870622.897997}]}, "version": 12, "at": 1715870622.897997}
{"obj": {"type": "LogFloats", "path": ["Gradient norm"], "values": [{"value": 4.117742033148423, "step": null, "ts": 1715870622.9069972}]}, "version": 13, "at": 1715870622.9069972}
{"obj": {"type": "LogFloats", "path": ["Loss (Train)"], "values": [{"value": 1.567055344581604, "step": null, "ts": 1715870623.0009985}]}, "version": 14, "at": 1715870623.0009985}
{"obj": {"type": "LogFloats", "path": ["Gradient norm"], "values": [{"value": 3.584826727612386, "step": null, "ts": 1715870623.009997}]}, "version": 15, "at": 1715870623.009997}
{"obj": {"type": "LogFloats", "path": ["Loss (Train)"], "values": [{"value": 1.4262388944625854, "step": null, "ts": 1715870623.1039956}]}, "version": 16, "at": 1715870623.1039956}
{"obj": {"type": "LogFloats", "path": ["Gradient norm"], "values": [{"value": 5.409251765815259, "step": null, "ts": 1715870623.1129975}]}, "version": 17, "at": 1715870623.1129975}
{"obj": {"type": "LogFloats", "path": ["Loss (Train)"], "values": [{"value": 1.6943122148513794, "step": null, "ts": 1715870623.2089958}]}, "version": 18, "at": 1715870623.2089958}
{"obj": {"type": "LogFloats", "path": ["Gradient norm"], "values": [{"value": 4.13889355887333, "step": null, "ts": 1715870623.216996}]}, "version": 19, "at": 1715870623.216996}
{"obj": {"type": "LogFloats", "path": ["Loss (Train)"], "values": [{"value": 1.5096960067749023, "step": null, "ts": 1715870623.311996}]}, "version": 20, "at": 1715870623.311996}
{"obj": {"type": "LogFloats", "path": ["Gradient norm"], "values": [{"value": 3.321475845618902, "step": null, "ts": 1715870623.319996}]}, "version": 21, "at": 1715870623.319996}
{"obj": {"type": "LogFloats", "path": ["Loss (Train)"], "values": [{"value": 1.5768318176269531, "step": null, "ts": 1715870623.4149964}]}, "version": 22, "at": 1715870623.4149964}
{"obj": {"type": "LogFloats", "path": ["Gradient norm"], "values": [{"value": 3.3330828691121623, "step": null, "ts": 1715870623.4239967}]}, "version": 23, "at": 1715870623.4239967}
{"obj": {"type": "LogFloats", "path": ["Loss (Train)"], "values": [{"value": 1.8291130065917969, "step": null, "ts": 1715870623.5179958}]}, "version": 24, "at": 1715870623.5179958}
{"obj": {"type": "LogFloats", "path": ["Gradient norm"], "values": [{"value": 7.910662534191848, "step": null, "ts": 1715870623.5270026}]}, "version": 25, "at": 1715870623.5270026}
{"obj": {"type": "LogFloats", "path": ["Loss (Train)"], "values": [{"value": 1.600091576576233, "step": null, "ts": 1715870623.6229956}]}, "version": 26, "at": 1715870623.6229956}
{"obj": {"type": "LogFloats", "path": ["Gradient norm"], "values": [{"value": 6.323202281048719, "step": null, "ts": 1715870623.6309974}]}, "version": 27, "at": 1715870623.6309974}
{"obj": {"type": "LogFloats", "path": ["Loss (Train)"], "values": [{"value": 1.5203869342803955, "step": null, "ts": 1715870623.7269962}]}, "version": 28, "at": 1715870623.7269962}
{"obj": {"type": "LogFloats", "path": ["Gradient norm"], "values": [{"value": 8.705370075701882, "step": null, "ts": 1715870623.7349956}]}, "version": 29, "at": 1715870623.7349956}
{"obj": {"type": "LogFloats", "path": ["Loss (Train)"], "values": [{"value": 1.6373735666275024, "step": null, "ts": 1715870623.828996}]}, "version": 30, "at": 1715870623.828996}
{"obj": {"type": "LogFloats", "path": ["Gradient norm"], "values": [{"value": 7.643175210683526, "step": null, "ts": 1715870623.8379967}]}, "version": 31, "at": 1715870623.8379967}
{"obj": {"type": "LogFloats", "path": ["Loss (Train)"], "values": [{"value": 1.5926008224487305, "step": null, "ts": 1715870623.9339957}]}, "version": 32, "at": 1715870623.9339957}
{"obj": {"type": "LogFloats", "path": ["Gradient norm"], "values": [{"value": 8.1947729961537, "step": null, "ts": 1715870623.942997}]}, "version": 33, "at": 1715870623.942997}
{"obj": {"type": "LogFloats", "path": ["Loss (Train)"], "values": [{"value": 1.5747551918029785, "step": null, "ts": 1715870624.0399957}]}, "version": 34, "at": 1715870624.0399957}
{"obj": {"type": "LogFloats", "path": ["Gradient norm"], "values": [{"value": 7.437535431267465, "step": null, "ts": 1715870624.0479965}]}, "version": 35, "at": 1715870624.0479965}
{"obj": {"type": "LogFloats", "path": ["Loss (Train)"], "values": [{"value": 1.5467979907989502, "step": null, "ts": 1715870624.1429963}]}, "version": 36, "at": 1715870624.1429963}
{"obj": {"type": "LogFloats", "path": ["Gradient norm"], "values": [{"value": 7.4376529113355465, "step": null, "ts": 1715870624.1509957}]}, "version": 37, "at": 1715870624.1509957}
{"obj": {"type": "LogFloats", "path": ["Loss (Train)"], "values": [{"value": 1.5584410429000854, "step": null, "ts": 1715870624.2469964}]}, "version": 38, "at": 1715870624.2469964}
{"obj": {"type": "LogFloats", "path": ["Gradient norm"], "values": [{"value": 4.103091848193571, "step": null, "ts": 1715870624.2559965}]}, "version": 39, "at": 1715870624.2559965}
{"obj": {"type": "LogFloats", "path": ["Loss (Train)"], "values": [{"value": 1.6502131223678589, "step": null, "ts": 1715870624.3519962}]}, "version": 40, "at": 1715870624.3519962}
{"obj": {"type": "LogFloats", "path": ["Gradient norm"], "values": [{"value": 7.418255483076851, "step": null, "ts": 1715870624.3609962}]}, "version": 41, "at": 1715870624.3609962}
{"obj": {"type": "LogFloats", "path": ["Loss (Train)"], "values": [{"value": 1.729579210281372, "step": null, "ts": 1715870624.4579966}]}, "version": 42, "at": 1715870624.4579966}
{"obj": {"type": "LogFloats", "path": ["Gradient norm"], "values": [{"value": 5.678597667092674, "step": null, "ts": 1715870624.4659967}]}, "version": 43, "at": 1715870624.4659967}
{"obj": {"type": "LogFloats", "path": ["Loss (Train)"], "values": [{"value": 1.58784818649292, "step": null, "ts": 1715870624.5609956}]}, "version": 44, "at": 1715870624.5609956}
{"obj": {"type": "LogFloats", "path": ["Gradient norm"], "values": [{"value": 3.454099440672456, "step": null, "ts": 1715870624.5689971}]}, "version": 45, "at": 1715870624.5689971}
{"obj": {"type": "LogFloats", "path": ["Loss (Train)"], "values": [{"value": 1.5994722843170166, "step": null, "ts": 1715870624.6629958}]}, "version": 46, "at": 1715870624.6629958}
{"obj": {"type": "LogFloats", "path": ["Gradient norm"], "values": [{"value": 5.760033193699146, "step": null, "ts": 1715870624.6719964}]}, "version": 47, "at": 1715870624.6719964}
{"obj": {"type": "LogFloats", "path": ["Loss (Train)"], "values": [{"value": 1.6105424165725708, "step": null, "ts": 1715870624.7679958}]}, "version": 48, "at": 1715870624.7679958}
{"obj": {"type": "LogFloats", "path": ["Gradient norm"], "values": [{"value": 4.279022799012875, "step": null, "ts": 1715870624.7769966}]}, "version": 49, "at": 1715870624.7769966}
{"obj": {"type": "LogFloats", "path": ["Loss (Train)"], "values": [{"value": 1.6884609460830688, "step": null, "ts": 1715870624.873998}]}, "version": 50, "at": 1715870624.873998}
{"obj": {"type": "LogFloats", "path": ["Gradient norm"], "values": [{"value": 4.28593771416194, "step": null, "ts": 1715870624.8819964}]}, "version": 51, "at": 1715870624.8819964}
{"obj": {"type": "LogFloats", "path": ["Loss (Train)"], "values": [{"value": 1.5842918157577515, "step": null, "ts": 1715870624.976996}]}, "version": 52, "at": 1715870624.976996}
{"obj": {"type": "LogFloats", "path": ["Gradient norm"], "values": [{"value": 5.953562882780748, "step": null, "ts": 1715870624.9849966}]}, "version": 53, "at": 1715870624.9849966}
{"obj": {"type": "LogFloats", "path": ["Loss (Train)"], "values": [{"value": 1.5664398670196533, "step": null, "ts": 1715870625.0809958}]}, "version": 54, "at": 1715870625.0809958}
{"obj": {"type": "LogFloats", "path": ["Gradient norm"], "values": [{"value": 3.0517544946765955, "step": null, "ts": 1715870625.0899963}]}, "version": 55, "at": 1715870625.0899963}
{"obj": {"type": "LogFloats", "path": ["Loss (Train)"], "values": [{"value": 1.6747621297836304, "step": null, "ts": 1715870625.1859965}]}, "version": 56, "at": 1715870625.1859965}
{"obj": {"type": "LogFloats", "path": ["Gradient norm"], "values": [{"value": 8.044269449090786, "step": null, "ts": 1715870625.1960356}]}, "version": 57, "at": 1715870625.1960356}
{"obj": {"type": "LogFloats", "path": ["Loss (Train)"], "values": [{"value": 1.5508874654769897, "step": null, "ts": 1715870625.2926056}]}, "version": 58, "at": 1715870625.2926056}
{"obj": {"type": "LogFloats", "path": ["Gradient norm"], "values": [{"value": 5.447989548522544, "step": null, "ts": 1715870625.3006067}]}, "version": 59, "at": 1715870625.3006067}
{"obj": {"type": "LogFloats", "path": ["Loss (Train)"], "values": [{"value": 1.6139366626739502, "step": null, "ts": 1715870625.3946059}]}, "version": 60, "at": 1715870625.3946059}
{"obj": {"type": "LogFloats", "path": ["Gradient norm"], "values": [{"value": 9.19339743647416, "step": null, "ts": 1715870625.4036062}]}, "version": 61, "at": 1715870625.4036062}
{"obj": {"type": "LogFloats", "path": ["Loss (Train)"], "values": [{"value": 1.6264551877975464, "step": null, "ts": 1715870625.4991882}]}, "version": 62, "at": 1715870625.4991882}
{"obj": {"type": "LogFloats", "path": ["Gradient norm"], "values": [{"value": 3.609643892108556, "step": null, "ts": 1715870625.5071883}]}, "version": 63, "at": 1715870625.5071883}
{"obj": {"type": "LogFloats", "path": ["Loss (Train)"], "values": [{"value": 1.655205488204956, "step": null, "ts": 1715870625.6071887}]}, "version": 64, "at": 1715870625.6071887}
{"obj": {"type": "LogFloats", "path": ["Gradient norm"], "values": [{"value": 4.145862301050371, "step": null, "ts": 1715870625.6151896}]}, "version": 65, "at": 1715870625.6151896}
{"obj": {"type": "LogFloats", "path": ["Loss (Train)"], "values": [{"value": 1.6075079441070557, "step": null, "ts": 1715870625.712189}]}, "version": 66, "at": 1715870625.712189}
{"obj": {"type": "LogFloats", "path": ["Gradient norm"], "values": [{"value": 3.551681934040471, "step": null, "ts": 1715870625.7201884}]}, "version": 67, "at": 1715870625.7201884}
{"obj": {"type": "LogFloats", "path": ["Loss (Train)"], "values": [{"value": 1.6817926168441772, "step": null, "ts": 1715870625.8161883}]}, "version": 68, "at": 1715870625.8161883}
{"obj": {"type": "LogFloats", "path": ["Gradient norm"], "values": [{"value": 5.709984656241674, "step": null, "ts": 1715870625.8251882}]}, "version": 69, "at": 1715870625.8251882}
{"obj": {"type": "LogFloats", "path": ["Loss (Train)"], "values": [{"value": 1.6466823816299438, "step": null, "ts": 1715870625.9241881}]}, "version": 70, "at": 1715870625.9241881}
{"obj": {"type": "LogFloats", "path": ["Gradient norm"], "values": [{"value": 4.01574798707291, "step": null, "ts": 1715870625.932191}]}, "version": 71, "at": 1715870625.932191}
{"obj": {"type": "LogFloats", "path": ["Loss (Train)"], "values": [{"value": 1.7071112394332886, "step": null, "ts": 1715870626.0301888}]}, "version": 72, "at": 1715870626.0301888}
{"obj": {"type": "LogFloats", "path": ["Gradient norm"], "values": [{"value": 5.57763064898121, "step": null, "ts": 1715870626.0381894}]}, "version": 73, "at": 1715870626.0381894}
{"obj": {"type": "LogFloats", "path": ["Loss (Train)"], "values": [{"value": 1.5531138181686401, "step": null, "ts": 1715870626.1351876}]}, "version": 74, "at": 1715870626.1351876}
{"obj": {"type": "LogFloats", "path": ["Gradient norm"], "values": [{"value": 3.2214323473524646, "step": null, "ts": 1715870626.1431882}]}, "version": 75, "at": 1715870626.1431882}
{"obj": {"type": "LogFloats", "path": ["Loss (Train)"], "values": [{"value": 1.5850776433944702, "step": null, "ts": 1715870626.241188}]}, "version": 76, "at": 1715870626.241188}
{"obj": {"type": "LogFloats", "path": ["Gradient norm"], "values": [{"value": 4.300815337115143, "step": null, "ts": 1715870626.2491875}]}, "version": 77, "at": 1715870626.2491875}
{"obj": {"type": "LogFloats", "path": ["Loss (Train)"], "values": [{"value": 1.66929030418396, "step": null, "ts": 1715870626.3491876}]}, "version": 78, "at": 1715870626.3491876}
{"obj": {"type": "LogFloats", "path": ["Gradient norm"], "values": [{"value": 4.267984913037006, "step": null, "ts": 1715870626.3581884}]}, "version": 79, "at": 1715870626.3581884}
{"obj": {"type": "LogFloats", "path": ["Loss (Train)"], "values": [{"value": 1.6004931926727295, "step": null, "ts": 1715870626.4571881}]}, "version": 80, "at": 1715870626.4571881}
{"obj": {"type": "LogFloats", "path": ["Gradient norm"], "values": [{"value": 3.0703303236590416, "step": null, "ts": 1715870626.4651902}]}, "version": 81, "at": 1715870626.4651902}
{"obj": {"type": "LogFloats", "path": ["Loss (Train)"], "values": [{"value": 1.5932811498641968, "step": null, "ts": 1715870626.5601885}]}, "version": 82, "at": 1715870626.5601885}
{"obj": {"type": "LogFloats", "path": ["Gradient norm"], "values": [{"value": 4.004005724894088, "step": null, "ts": 1715870626.5691895}]}, "version": 83, "at": 1715870626.5691895}
{"obj": {"type": "LogFloats", "path": ["Loss (Train)"], "values": [{"value": 1.7069309949874878, "step": null, "ts": 1715870626.6651886}]}, "version": 84, "at": 1715870626.6651886}
{"obj": {"type": "LogFloats", "path": ["Gradient norm"], "values": [{"value": 5.286202257778824, "step": null, "ts": 1715870626.673189}]}, "version": 85, "at": 1715870626.673189}
{"obj": {"type": "LogFloats", "path": ["Loss (Train)"], "values": [{"value": 1.509887456893921, "step": null, "ts": 1715870626.7721875}]}, "version": 86, "at": 1715870626.7721875}
{"obj": {"type": "LogFloats", "path": ["Gradient norm"], "values": [{"value": 3.7289728348314206, "step": null, "ts": 1715870626.7801886}]}, "version": 87, "at": 1715870626.7801886}
{"obj": {"type": "LogFloats", "path": ["Loss (Train)"], "values": [{"value": 1.538100004196167, "step": null, "ts": 1715870626.8781884}]}, "version": 88, "at": 1715870626.8781884}
{"obj": {"type": "LogFloats", "path": ["Gradient norm"], "values": [{"value": 3.8043743544566486, "step": null, "ts": 1715870626.8861883}]}, "version": 89, "at": 1715870626.8861883}
{"obj": {"type": "LogFloats", "path": ["Loss (Train)"], "values": [{"value": 1.4877792596817017, "step": null, "ts": 1715870626.985188}]}, "version": 90, "at": 1715870626.985188}
{"obj": {"type": "LogFloats", "path": ["Gradient norm"], "values": [{"value": 2.7688356924221824, "step": null, "ts": 1715870626.9941897}]}, "version": 91, "at": 1715870626.9941897}
{"obj": {"type": "LogFloats", "path": ["Loss (Train)"], "values": [{"value": 1.5377007722854614, "step": null, "ts": 1715870627.0951881}]}, "version": 92, "at": 1715870627.0951881}
{"obj": {"type": "LogFloats", "path": ["Gradient norm"], "values": [{"value": 3.2349169391379213, "step": null, "ts": 1715870627.10219}]}, "version": 93, "at": 1715870627.10219}
{"obj": {"type": "LogFloats", "path": ["Loss (Train)"], "values": [{"value": 1.6417211294174194, "step": null, "ts": 1715870627.1971877}]}, "version": 94, "at": 1715870627.1971877}
{"obj": {"type": "LogFloats", "path": ["Gradient norm"], "values": [{"value": 3.7713460519266153, "step": null, "ts": 1715870627.2061875}]}, "version": 95, "at": 1715870627.2061875}
{"obj": {"type": "LogFloats", "path": ["Loss (Train)"], "values": [{"value": 1.5433838367462158, "step": null, "ts": 1715870627.3041892}]}, "version": 96, "at": 1715870627.3041892}
{"obj": {"type": "LogFloats", "path": ["Gradient norm"], "values": [{"value": 4.196229865037129, "step": null, "ts": 1715870627.3131878}]}, "version": 97, "at": 1715870627.3131878}
